2025/06/10 23:25:03 Host Venugopals-MacBook-Air.local, Page/Block size =16384 
2025/06/10 23:25:03 Setting up file server and api handlers
2025/06/10 23:57:08 Host Venugopals-MacBook-Air.local, Page/Block size =16384 
2025/06/10 23:57:08 Setting up file server and api handlers
2025/06/10 23:59:37 Host Venugopals-MacBook-Air.local, Page/Block size =16384 
2025/06/10 23:59:37 Setting up file server and api handlers
2025/06/11 00:00:13 Host Venugopals-MacBook-Air.local, Page/Block size =16384 
2025/06/11 00:00:13 Setting up file server and api handlers
2025/06/11 00:00:13 Application is available at Host: Venugopals-MacBook-Air.local and  Port=2024
2025/06/11 00:01:19 Shutdown Server ...
2025/06/11 00:01:19 Shutting down db connection pool
2025/06/11 00:01:24 timeout of 5 seconds.
2025/06/11 00:01:24 Server exiting
2025/06/11 00:03:15 Host Venugopals-MacBook-Air.local, Page/Block size =16384 
2025/06/11 00:03:15 Setting up file server and api handlers
2025/06/11 00:03:15 Application is available at Host: Venugopals-MacBook-Air.local and  Port=2024
2025/06/11 00:03:40 Shutdown Server ...
2025/06/11 00:03:40 Shutting down db connection pool
2025/06/11 00:03:45 timeout of 5 seconds.
2025/06/11 00:03:45 Server exiting
